<?xml version="1.0" encoding="UTF-8"?>
<testng-results ignored="0" total="1" passed="1" failed="0" skipped="0">
  <reporter-output>
  </reporter-output>
  <suite started-at="2023-06-05T16:34:37 IST" name="Orange_HRM" finished-at="2023-06-05T16:35:21 IST" duration-ms="44751">
    <groups>
    </groups>
    <test started-at="2023-06-05T16:34:37 IST" name="Orange Hrm" finished-at="2023-06-05T16:35:21 IST" duration-ms="44751">
      <class name="com.Orange_HRM.testCases.TC_LoginTest_001">
        <test-method is-config="true" signature="setup(java.lang.String)[pri:0, instance:com.Orange_HRM.testCases.TC_LoginTest_001@a8e6492]" started-at="2023-06-05T16:34:37 IST" name="setup" finished-at="2023-06-05T16:34:54 IST" duration-ms="16988" status="PASS">
          <params>
            <param index="0">
              <value>
                <![CDATA[chrome]]>
              </value>
            </param>
          </params>
          <reporter-output>
          </reporter-output>
        </test-method> <!-- setup -->
        <test-method signature="loginTest()[pri:0, instance:com.Orange_HRM.testCases.TC_LoginTest_001@a8e6492]" started-at="2023-06-05T16:34:54 IST" name="loginTest" finished-at="2023-06-05T16:35:21 IST" duration-ms="27085" status="PASS">
          <reporter-output>
          </reporter-output>
        </test-method> <!-- loginTest -->
        <test-method is-config="true" signature="TearDown()[pri:0, instance:com.Orange_HRM.testCases.TC_LoginTest_001@a8e6492]" started-at="2023-06-05T16:35:21 IST" name="TearDown" finished-at="2023-06-05T16:35:21 IST" duration-ms="619" status="PASS">
          <reporter-output>
          </reporter-output>
        </test-method> <!-- TearDown -->
      </class> <!-- com.Orange_HRM.testCases.TC_LoginTest_001 -->
    </test> <!-- Orange Hrm -->
  </suite> <!-- Orange_HRM -->
</testng-results>
