<?xml version="1.0" encoding="UTF-8"?>
<testng-results ignored="0" total="1" passed="1" failed="0" skipped="0">
  <reporter-output>
  </reporter-output>
  <suite started-at="2023-06-06T21:51:16 IST" name="Orange_HRM" finished-at="2023-06-06T21:52:20 IST" duration-ms="64644">
    <groups>
    </groups>
    <test started-at="2023-06-06T21:51:16 IST" name="Orange Hrm" finished-at="2023-06-06T21:52:20 IST" duration-ms="64644">
      <class name="com.Orange_HRM.testCases.TC_LoginTest_001">
        <test-method is-config="true" signature="setup(java.lang.String)[pri:0, instance:com.Orange_HRM.testCases.TC_LoginTest_001@2e11485]" started-at="2023-06-06T21:51:16 IST" name="setup" finished-at="2023-06-06T21:51:48 IST" duration-ms="32492" status="PASS">
          <params>
            <param index="0">
              <value>
                <![CDATA[chrome]]>
              </value>
            </param>
          </params>
          <reporter-output>
          </reporter-output>
        </test-method> <!-- setup -->
        <test-method signature="loginTest()[pri:0, instance:com.Orange_HRM.testCases.TC_LoginTest_001@2e11485]" started-at="2023-06-06T21:51:48 IST" name="loginTest" finished-at="2023-06-06T21:52:17 IST" duration-ms="29192" status="PASS">
          <reporter-output>
          </reporter-output>
        </test-method> <!-- loginTest -->
        <test-method is-config="true" signature="TearDown()[pri:0, instance:com.Orange_HRM.testCases.TC_LoginTest_001@2e11485]" started-at="2023-06-06T21:52:17 IST" name="TearDown" finished-at="2023-06-06T21:52:20 IST" duration-ms="2879" status="PASS">
          <reporter-output>
          </reporter-output>
        </test-method> <!-- TearDown -->
      </class> <!-- com.Orange_HRM.testCases.TC_LoginTest_001 -->
    </test> <!-- Orange Hrm -->
  </suite> <!-- Orange_HRM -->
</testng-results>
